
WARNING: apt does not have a stable CLI interface. Use with caution in scripts.

Hit:1 http://archive.ubuntu.com/ubuntu noble InRelease
Get:2 http://security.ubuntu.com/ubuntu noble-security InRelease [126 kB]
Hit:3 http://archive.ubuntu.com/ubuntu noble-updates InRelease
Hit:4 http://archive.ubuntu.com/ubuntu noble-backports InRelease
Get:5 http://security.ubuntu.com/ubuntu noble-security/main amd64 Components [21.5 kB]
Get:6 http://security.ubuntu.com/ubuntu noble-security/universe amd64 Components [52.3 kB]
Get:7 http://security.ubuntu.com/ubuntu noble-security/restricted amd64 Components [212 B]
Get:8 http://security.ubuntu.com/ubuntu noble-security/multiverse amd64 Components [212 B]
Fetched 200 kB in 4s (47.7 kB/s)
Reading package lists...
Building dependency tree...
Reading state information...
All packages are up to date.

WARNING: apt does not have a stable CLI interface. Use with caution in scripts.

Reading package lists...
Building dependency tree...
Reading state information...
Calculating upgrade...
0 upgraded, 0 newly installed, 0 to remove and 0 not upgraded.

WARNING: apt does not have a stable CLI interface. Use with caution in scripts.

Reading package lists...
Building dependency tree...
Reading state information...
0 upgraded, 0 newly installed, 0 to remove and 0 not upgraded.

WARNING: apt does not have a stable CLI interface. Use with caution in scripts.

