
WARNING: apt does not have a stable CLI interface. Use with caution in scripts.

Hit:1 http://security.ubuntu.com/ubuntu noble-security InRelease
Hit:2 http://archive.ubuntu.com/ubuntu noble InRelease
Get:3 http://archive.ubuntu.com/ubuntu noble-updates InRelease [126 kB]
Get:4 http://archive.ubuntu.com/ubuntu noble-backports InRelease [126 kB]
Get:5 http://archive.ubuntu.com/ubuntu noble-updates/main amd64 Components [175 kB]
Get:6 http://archive.ubuntu.com/ubuntu noble-updates/universe amd64 Components [378 kB]
Get:7 http://archive.ubuntu.com/ubuntu noble-updates/restricted amd64 Components [212 B]
Get:8 http://archive.ubuntu.com/ubuntu noble-updates/multiverse amd64 Components [940 B]
Get:9 http://archive.ubuntu.com/ubuntu noble-backports/main amd64 Components [7140 B]
Get:10 http://archive.ubuntu.com/ubuntu noble-backports/universe amd64 Components [11.0 kB]
Get:11 http://archive.ubuntu.com/ubuntu noble-backports/restricted amd64 Components [216 B]
Get:12 http://archive.ubuntu.com/ubuntu noble-backports/multiverse amd64 Components [212 B]
Fetched 825 kB in 8s (106 kB/s)
Reading package lists...
Building dependency tree...
Reading state information...
All packages are up to date.

WARNING: apt does not have a stable CLI interface. Use with caution in scripts.

Reading package lists...
Building dependency tree...
Reading state information...
Calculating upgrade...
0 upgraded, 0 newly installed, 0 to remove and 0 not upgraded.

WARNING: apt does not have a stable CLI interface. Use with caution in scripts.

Reading package lists...
Building dependency tree...
Reading state information...
0 upgraded, 0 newly installed, 0 to remove and 0 not upgraded.

WARNING: apt does not have a stable CLI interface. Use with caution in scripts.

